\BOOKMARK [0][-]{chapter.1}{\376\377\000\332\000v\000o\000d}{}% 1
\BOOKMARK [0][-]{chapter.2}{\376\377\000P\001\131\000e\000s\000n\000\341\000\040\000f\000o\000r\000m\000u\000l\000a\000c\000e\000\040\000p\000r\000o\000b\000l\000\351\000m\000u\000\040\000a\000\040\000c\000\355\000l\000e}{}% 2
\BOOKMARK [0][-]{chapter.3}{\376\377\000R\000e\001\141\000e\000r\001\141\000e}{}% 3
\BOOKMARK [1][-]{section.3.1}{\376\377\000V\000y\000m\000e\000z\000e\000n\000\355\000\040\000p\000o\000j\000m\000u\000\040\000b\000a\000l\000l\000b\000o\000t}{chapter.3}% 4
\BOOKMARK [2][-]{subsection.3.1.1}{\376\377\000T\000y\000p\000i\000c\000k\000\351\000\040\000p\000r\000v\000k\000y\000\040\000k\000o\000n\000s\000t\000r\000u\000k\000c\000e}{section.3.1}% 5
\BOOKMARK [2][-]{subsection.3.1.2}{\376\377\000S\000f\000\351\000r\000i\000c\000k\000\341\000\040\000z\000\341\000k\000l\000a\000d\000n\000a}{section.3.1}% 6
\BOOKMARK [1][-]{section.3.2}{\376\377\000T\000e\000o\000r\000e\000t\000i\000c\000k\000\375\000\040\000r\000o\000z\000b\000o\000r\000\040\0002\000D\000\040\000\372\000l\000o\000h\000y}{chapter.3}% 7
\BOOKMARK [2][-]{subsection.3.2.1}{\376\377\000R\000o\000v\000n\000i\000c\000e\000\040\000p\000r\000o\000\040\000m\000a\000t\000e\000m\000a\000t\000i\000c\000k\000\375\000\040\000m\000o\000d\000e\000l\000\040\000s\000o\000u\000s\000t\000a\000v\000y}{section.3.2}% 8
\BOOKMARK [2][-]{subsection.3.2.2}{\376\377\000P\001\131\000e\000p\000o\001\015\000e\000t\000\040\000n\000a\000\040\000r\000e\000\341\000l\000n\000\375\000\040\000p\000o\000h\000o\000n\000\040\000s\000o\000u\000s\000t\000a\000v\000y}{section.3.2}% 9
\BOOKMARK [1][-]{section.3.3}{\376\377\000M\000e\000t\000o\000d\000y\000\040\000i\000n\000t\000e\000l\000i\000g\000e\000n\000t\000n\000\355\000h\000o\000\040\001\131\000\355\000z\000e\000n\000\355}{chapter.3}% 10
\BOOKMARK [2][-]{subsection.3.3.1}{\376\377\000P\000I\000D\000\040\000r\000e\000g\000u\000l\000\341\000t\000o\000r}{section.3.3}% 11
\BOOKMARK [1][-]{section.3.4}{\376\377\000S\000o\000f\000t\000w\000a\000r\000o\000v\000\351\000\040\000n\000\341\000s\000t\000r\000o\000j\000e}{chapter.3}% 12
\BOOKMARK [2][-]{subsection.3.4.1}{\376\377\000P\000o\000p\000i\000s\000\040\000f\000u\000n\000k\000c\000e\000\040\000E\000x\000t\000e\000r\000n\000a\000l\000\040\000m\000o\000d\000e}{section.3.4}% 13
\BOOKMARK [2][-]{subsection.3.4.2}{\376\377\000I\000m\000p\000l\000e\000m\000e\000n\000t\000a\000c\000e}{section.3.4}% 14
\BOOKMARK [1][-]{section.3.5}{\376\377\000P\001\131\000\355\000k\000l\000a\000d\000y\000\040\000p\000r\000o\000v\000e\000d\000e\000n\000\355\000\040\000b\000a\000l\000l\000b\000o\000t\001\157}{chapter.3}% 15
\BOOKMARK [0][-]{chapter.4}{\376\377\001\130\000e\001\141\000e\000n\000\355\000\040\000a\000\040\000v\000\375\000s\000l\000e\000d\000k\000y}{}% 16
\BOOKMARK [1][-]{section.4.1}{\376\377\000K\000o\000n\000s\000t\000r\000u\000k\000c\000e\000\040\000r\000o\000b\000o\000t\000a}{chapter.4}% 17
\BOOKMARK [2][-]{subsection.4.1.1}{\376\377\000O\000m\000n\000i\000w\000h\000e\000e\000l\000s}{section.4.1}% 18
\BOOKMARK [2][-]{subsection.4.1.2}{\376\377\000Z\000\341\000k\000l\000a\000d\000n\000a\000\040\000r\000o\000b\000o\000t\000a}{section.4.1}% 19
\BOOKMARK [2][-]{subsection.4.1.3}{\376\377\000M\000o\000t\000o\000r\000o\000v\000\351\000\040\000k\000l\000e\000c\000e}{section.4.1}% 20
\BOOKMARK [2][-]{subsection.4.1.4}{\376\377\000P\000o\000h\000o\000n\000n\000\351\000\040\000j\000e\000d\000n\000o\000t\000k\000y}{section.4.1}% 21
\BOOKMARK [2][-]{subsection.4.1.5}{\376\377\000P\001\131\000\355\000p\000r\000a\000v\000e\000k\000\040\000p\000r\000o\000\040\000k\000a\000l\000i\000b\000r\000a\000c\000i\000\040\000s\000e\000n\000z\000o\000r\001\157}{section.4.1}% 22
\BOOKMARK [2][-]{subsection.4.1.6}{\376\377\000O\000c\000h\000r\000a\000n\000n\000\375\000\040\000k\000r\000y\000t}{section.4.1}% 23
\BOOKMARK [1][-]{section.4.2}{\376\377\000S\000f\000\351\000r\000i\000c\000k\000\341\000\040\000z\000\341\000k\000l\000a\000d\000n\000a}{chapter.4}% 24
\BOOKMARK [2][-]{subsection.4.2.1}{\376\377\000M\000a\000t\000e\000r\000i\000\341\000l\000\040\000a\000\040\000p\000o\000v\000r\000c\000h\000o\000v\000\341\000\040\000\372\000p\000r\000a\000v\000a}{section.4.2}% 25
\BOOKMARK [1][-]{section.4.3}{\376\377\001\130\000\355\000d\000\355\000c\000\355\000\040\000s\000o\000f\000t\000w\000a\000r\000e\000\040\000a\000\040\000i\000m\000p\000l\000e\000m\000e\000n\000t\000a\000c\000e}{chapter.4}% 26
\BOOKMARK [2][-]{subsection.4.3.1}{\376\377\000P\000I\000D\000\040\000r\000e\000g\000u\000l\000a\000c\000e\000\040\000b\000e\000z\000\040\000z\000p\001\033\000t\000n\000\351\000\040\000v\000a\000z\000b\000y\000\040\000z\000\040\000p\000o\000h\000o\000n\000u}{section.4.3}% 27
\BOOKMARK [2][-]{subsection.4.3.2}{\376\377\000P\000I\000D\000\040\000r\000e\000g\000u\000l\000a\000c\000e\000\040\000s\000e\000\040\000z\000p\001\033\000t\000n\000o\000u\000\040\000v\000a\000z\000b\000o\000u\000\040\000z\000\040\000p\000o\000h\000o\000n\000u}{section.4.3}% 28
\BOOKMARK [2][-]{subsection.4.3.3}{\376\377\000Z\000p\000r\000a\000c\000o\000v\000\341\000n\000\355\000\040\000v\000s\000t\000u\000p\000n\000\355\000h\000o\000\040\000s\000i\000g\000n\000\341\000l\000u}{section.4.3}% 29
\BOOKMARK [2][-]{subsection.4.3.4}{\376\377\000F\000i\000n\000\341\000l\000n\000\355\000\040\000i\000m\000p\000l\000e\000m\000e\000n\000t\000a\000c\000e}{section.4.3}% 30
\BOOKMARK [2][-]{subsection.4.3.5}{\376\377\000V\000\375\000s\000l\000e\000d\000k\000y\000\040\000r\000e\000g\000u\000l\000a\000c\000e}{section.4.3}% 31
\BOOKMARK [0][-]{chapter.5}{\376\377\000Z\000\341\000v\001\033\000r}{}% 32
\BOOKMARK [0][-]{chapter.6}{\376\377\000L\000i\000t\000e\000r\000a\000t\000u\000r\000a}{}% 33
\BOOKMARK [0][-]{chapter.7}{\376\377\000S\000e\000z\000n\000a\000m\000\040\000p\000o\000u\001\176\000i\000t\000\375\000c\000h\000\040\000z\000k\000r\000a\000t\000e\000k\000\040\000a\000\040\000s\000y\000m\000b\000o\000l\001\157}{}% 34
\BOOKMARK [0][-]{chapter.8}{\376\377\000S\000e\000z\000n\000a\000m\000\040\000p\001\131\000\355\000l\000o\000h}{}% 35
